#! /usr/local/iverilog/bin/vvp -v
:ivl_version "11.0 (devel)" "(s20150603-642-g3bdb50da)";
:ivl_delay_selection "TYPICAL";
:vpi_time_precision - 12;
:vpi_module "system";
:vpi_module "vhdl_sys";
:vpi_module "vhdl_textio";
:vpi_module "v2005_math";
:vpi_module "va_math";
S_0000000001119a50 .scope module, "exp2_td" "exp2_td" 2 27;
 .timescale -9 -12;
v0000000001022d20_0 .var "i", 7 0;
v0000000001052290_0 .net "o", 2 0, v000000000111bdb0_0;  1 drivers
S_0000000001119be0 .scope module, "test" "encode_83" 2 30, 2 2 0, S_0000000001119a50;
 .timescale -9 -12;
    .port_info 0 /INPUT 8 "in";
    .port_info 1 /OUTPUT 3 "out";
v0000000001022c80_0 .net "in", 7 0, v0000000001022d20_0;  1 drivers
v000000000111bdb0_0 .var "out", 2 0;
E_000000000111c6e0 .event edge, v0000000001022c80_0;
    .scope S_0000000001119be0;
T_0 ;
    %wait E_000000000111c6e0;
    %load/vec4 v0000000001022c80_0;
    %dup/vec4;
    %pushi/vec4 1, 0, 8;
    %cmp/u;
    %jmp/1 T_0.0, 6;
    %dup/vec4;
    %pushi/vec4 1, 0, 8;
    %cmp/u;
    %jmp/1 T_0.1, 6;
    %dup/vec4;
    %pushi/vec4 1, 0, 8;
    %cmp/u;
    %jmp/1 T_0.2, 6;
    %dup/vec4;
    %pushi/vec4 1, 0, 8;
    %cmp/u;
    %jmp/1 T_0.3, 6;
    %dup/vec4;
    %pushi/vec4 1, 0, 8;
    %cmp/u;
    %jmp/1 T_0.4, 6;
    %dup/vec4;
    %pushi/vec4 1, 0, 8;
    %cmp/u;
    %jmp/1 T_0.5, 6;
    %dup/vec4;
    %pushi/vec4 1, 0, 8;
    %cmp/u;
    %jmp/1 T_0.6, 6;
    %dup/vec4;
    %pushi/vec4 1, 0, 8;
    %cmp/u;
    %jmp/1 T_0.7, 6;
    %pushi/vec4 0, 0, 3;
    %store/vec4 v000000000111bdb0_0, 0, 3;
    %jmp T_0.9;
T_0.0 ;
    %pushi/vec4 1, 0, 3;
    %store/vec4 v000000000111bdb0_0, 0, 3;
    %jmp T_0.9;
T_0.1 ;
    %pushi/vec4 1, 0, 3;
    %store/vec4 v000000000111bdb0_0, 0, 3;
    %jmp T_0.9;
T_0.2 ;
    %pushi/vec4 1, 0, 3;
    %store/vec4 v000000000111bdb0_0, 0, 3;
    %jmp T_0.9;
T_0.3 ;
    %pushi/vec4 1, 0, 3;
    %store/vec4 v000000000111bdb0_0, 0, 3;
    %jmp T_0.9;
T_0.4 ;
    %pushi/vec4 1, 0, 3;
    %store/vec4 v000000000111bdb0_0, 0, 3;
    %jmp T_0.9;
T_0.5 ;
    %pushi/vec4 1, 0, 3;
    %store/vec4 v000000000111bdb0_0, 0, 3;
    %jmp T_0.9;
T_0.6 ;
    %pushi/vec4 1, 0, 3;
    %store/vec4 v000000000111bdb0_0, 0, 3;
    %jmp T_0.9;
T_0.7 ;
    %pushi/vec4 1, 0, 3;
    %store/vec4 v000000000111bdb0_0, 0, 3;
    %jmp T_0.9;
T_0.9 ;
    %pop/vec4 1;
    %jmp T_0;
    .thread T_0, $push;
    .scope S_0000000001119a50;
T_1 ;
    %vpi_call 2 32 "$dumpfile", "exp2_td.vcd" {0 0 0};
    %vpi_call 2 33 "$dumpvars", 32'sb00000000000000000000000000000000, S_0000000001119a50 {0 0 0};
    %pushi/vec4 2, 0, 8;
    %store/vec4 v0000000001022d20_0, 0, 8;
    %delay 500000, 0;
    %end;
    .thread T_1;
# The file index is used to find the file name in the following table.
:file_names 3;
    "N/A";
    "<interactive>";
    "exp.2-1.v";
