#! /usr/local/iverilog/bin/vvp
:ivl_version "11.0 (devel)" "(s20150603-642-g3bdb50da)";
:ivl_delay_selection "TYPICAL";
:vpi_time_precision - 12;
:vpi_module "system";
:vpi_module "vhdl_sys";
:vpi_module "vhdl_textio";
:vpi_module "v2005_math";
:vpi_module "va_math";
S_00000000001b9500 .scope module, "exp6_td" "exp6_td" 2 20;
 .timescale -9 -12;
v00000000010818f0_0 .var "a", 0 0;
v0000000001081990_0 .var "clk", 0 0;
v0000000001081a30_0 .net "sign", 0 0, v0000000001086620_0;  1 drivers
S_00000000010862b0 .scope module, "t" "counter" 2 23, 2 2 0, S_00000000001b9500;
 .timescale -9 -12;
    .port_info 0 /INPUT 1 "clk";
    .port_info 1 /INPUT 1 "a";
    .port_info 2 /OUTPUT 1 "sign";
v0000000001086440_0 .net "a", 0 0, v00000000010818f0_0;  1 drivers
v00000000001bb830_0 .net "clk", 0 0, v0000000001081990_0;  1 drivers
v00000000010864e0_0 .var "count", 0 0;
v0000000001086580_0 .var "s", 2 0;
v0000000001086620_0 .var "sign", 0 0;
E_00000000001bc7b0 .event posedge, v00000000001bb830_0;
    .scope S_00000000010862b0;
T_0 ;
    %pushi/vec4 0, 0, 1;
    %store/vec4 v00000000010864e0_0, 0, 1;
    %end;
    .thread T_0;
    .scope S_00000000010862b0;
T_1 ;
    %wait E_00000000001bc7b0;
    %load/vec4 v0000000001086580_0;
    %parti/s 2, 0, 2;
    %load/vec4 v0000000001086440_0;
    %concat/vec4; draw_concat_vec4
    %store/vec4 v0000000001086580_0, 0, 3;
    %load/vec4 v0000000001086580_0;
    %cmpi/e 5, 0, 3;
    %jmp/0xz  T_1.0, 4;
    %load/vec4 v00000000010864e0_0;
    %pad/u 2;
    %addi 1, 0, 2;
    %pad/u 1;
    %store/vec4 v00000000010864e0_0, 0, 1;
    %pushi/vec4 1, 0, 1;
    %store/vec4 v0000000001086620_0, 0, 1;
    %jmp T_1.1;
T_1.0 ;
    %pushi/vec4 0, 0, 1;
    %store/vec4 v0000000001086620_0, 0, 1;
T_1.1 ;
    %jmp T_1;
    .thread T_1;
    .scope S_00000000001b9500;
T_2 ;
    %pushi/vec4 0, 0, 1;
    %assign/vec4 v0000000001081990_0, 0;
    %pushi/vec4 100, 0, 32;
T_2.0 %dup/vec4;
    %pushi/vec4 0, 0, 32;
    %cmp/s;
    %jmp/1xz T_2.1, 5;
    %jmp/1 T_2.1, 4;
    %pushi/vec4 1, 0, 32;
    %sub;
    %delay 5000, 0;
    %load/vec4 v0000000001081990_0;
    %inv;
    %store/vec4 v0000000001081990_0, 0, 1;
    %jmp T_2.0;
T_2.1 ;
    %pop/vec4 1;
    %end;
    .thread T_2;
    .scope S_00000000001b9500;
T_3 ;
    %vpi_call 2 31 "$dumpfile", "exp6_td.vcd" {0 0 0};
    %vpi_call 2 32 "$dumpvars", 32'sb00000000000000000000000000000000, S_00000000001b9500 {0 0 0};
    %pushi/vec4 0, 0, 1;
    %store/vec4 v00000000010818f0_0, 0, 1;
    %delay 20000, 0;
    %pushi/vec4 1, 0, 1;
    %store/vec4 v00000000010818f0_0, 0, 1;
    %delay 10000, 0;
    %pushi/vec4 0, 0, 1;
    %store/vec4 v00000000010818f0_0, 0, 1;
    %delay 10000, 0;
    %pushi/vec4 1, 0, 1;
    %store/vec4 v00000000010818f0_0, 0, 1;
    %delay 30000, 0;
    %pushi/vec4 0, 0, 1;
    %store/vec4 v00000000010818f0_0, 0, 1;
    %delay 10000, 0;
    %pushi/vec4 1, 0, 1;
    %store/vec4 v00000000010818f0_0, 0, 1;
    %end;
    .thread T_3;
# The file index is used to find the file name in the following table.
:file_names 3;
    "N/A";
    "<interactive>";
    "exp-6.v";
