#! /usr/local/iverilog/bin/vvp
:ivl_version "11.0 (devel)" "(s20150603-642-g3bdb50da)";
:ivl_delay_selection "TYPICAL";
:vpi_time_precision + 0;
:vpi_module "system";
:vpi_module "vhdl_sys";
:vpi_module "vhdl_textio";
:vpi_module "v2005_math";
:vpi_module "va_math";
S_00000000010b6490 .scope module, "exp22_td" "exp22_td" 2 15;
 .timescale 0 0;
v00000000010b31b0_0 .net "i", 7 0, v00000000010b3110_0;  1 drivers
v00000000010b3250_0 .var "o", 2 0;
S_00000000010b6620 .scope module, "test" "decode_38" 2 18, 2 1 0, S_00000000010b6490;
 .timescale 0 0;
    .port_info 0 /INPUT 3 "a";
    .port_info 1 /OUTPUT 8 "y";
v00000000010b67b0_0 .net "a", 2 0, v00000000010b3250_0;  1 drivers
v0000000000929770_0 .var/i "i", 31 0;
v00000000010b3110_0 .var "y", 7 0;
E_000000000092cf40 .event edge, v00000000010b67b0_0;
    .scope S_00000000010b6620;
T_0 ;
    %wait E_000000000092cf40;
    %pushi/vec4 0, 0, 32;
    %store/vec4 v0000000000929770_0, 0, 32;
T_0.0 ;
    %load/vec4 v0000000000929770_0;
    %cmpi/s 8, 0, 32;
    %jmp/0xz T_0.1, 5;
    %load/vec4 v00000000010b67b0_0;
    %pad/u 32;
    %load/vec4 v0000000000929770_0;
    %cmp/e;
    %jmp/0xz  T_0.2, 4;
    %pushi/vec4 1, 0, 1;
    %ix/load 5, 0, 0;
    %ix/getv/s 4, v0000000000929770_0;
    %assign/vec4/off/d v00000000010b3110_0, 4, 5;
    %jmp T_0.3;
T_0.2 ;
    %pushi/vec4 0, 0, 1;
    %ix/load 5, 0, 0;
    %ix/getv/s 4, v0000000000929770_0;
    %assign/vec4/off/d v00000000010b3110_0, 4, 5;
T_0.3 ;
    %load/vec4 v0000000000929770_0;
    %addi 1, 0, 32;
    %store/vec4 v0000000000929770_0, 0, 32;
    %jmp T_0.0;
T_0.1 ;
    %jmp T_0;
    .thread T_0, $push;
    .scope S_00000000010b6490;
T_1 ;
    %vpi_call 2 20 "$dumpfile", "exp2_td.vcd" {0 0 0};
    %vpi_call 2 21 "$dumpvars", 32'sb00000000000000000000000000000000, S_00000000010b6490 {0 0 0};
    %pushi/vec4 0, 0, 3;
    %store/vec4 v00000000010b3250_0, 0, 3;
    %delay 5, 0;
    %pushi/vec4 1, 0, 3;
    %store/vec4 v00000000010b3250_0, 0, 3;
    %delay 5, 0;
    %pushi/vec4 2, 0, 3;
    %store/vec4 v00000000010b3250_0, 0, 3;
    %delay 5, 0;
    %pushi/vec4 3, 0, 3;
    %store/vec4 v00000000010b3250_0, 0, 3;
    %delay 5, 0;
    %pushi/vec4 4, 0, 3;
    %store/vec4 v00000000010b3250_0, 0, 3;
    %delay 5, 0;
    %pushi/vec4 5, 0, 3;
    %store/vec4 v00000000010b3250_0, 0, 3;
    %delay 5, 0;
    %pushi/vec4 6, 0, 3;
    %store/vec4 v00000000010b3250_0, 0, 3;
    %delay 5, 0;
    %pushi/vec4 7, 0, 3;
    %store/vec4 v00000000010b3250_0, 0, 3;
    %end;
    .thread T_1;
# The file index is used to find the file name in the following table.
:file_names 3;
    "N/A";
    "<interactive>";
    "exp.2-2.v";
