#! /usr/local/iverilog/bin/vvp
:ivl_version "11.0 (devel)" "(s20150603-642-g3bdb50da)";
:ivl_delay_selection "TYPICAL";
:vpi_time_precision - 12;
:vpi_module "system";
:vpi_module "vhdl_sys";
:vpi_module "vhdl_textio";
:vpi_module "v2005_math";
:vpi_module "va_math";
S_0000000001116210 .scope module, "exp3_td" "exp3_td" 2 21;
 .timescale -9 -12;
v00000000010cb330_0 .var "clk", 0 0;
v00000000010cb3d0_0 .net "out", 5 0, v00000000010c9160_0;  1 drivers
v00000000010cb470_0 .var "re", 0 0;
S_00000000011163a0 .scope module, "test" "counter" 2 25, 2 2 0, S_0000000001116210;
 .timescale -9 -12;
    .port_info 0 /INPUT 1 "clk";
    .port_info 1 /INPUT 1 "reset";
    .port_info 2 /OUTPUT 6 "cnt";
v0000000001116530_0 .net "clk", 0 0, v00000000010cb330_0;  1 drivers
v00000000010c9160_0 .var "cnt", 5 0;
v00000000010cb290_0 .net "reset", 0 0, v00000000010cb470_0;  1 drivers
E_00000000010ccea0 .event posedge, v0000000001116530_0;
    .scope S_00000000011163a0;
T_0 ;
    %pushi/vec4 0, 0, 6;
    %store/vec4 v00000000010c9160_0, 0, 6;
    %end;
    .thread T_0;
    .scope S_00000000011163a0;
T_1 ;
    %wait E_00000000010ccea0;
    %load/vec4 v00000000010cb290_0;
    %flag_set/vec4 8;
    %jmp/0xz  T_1.0, 8;
    %pushi/vec4 0, 0, 6;
    %store/vec4 v00000000010c9160_0, 0, 6;
    %jmp T_1.1;
T_1.0 ;
    %load/vec4 v00000000010c9160_0;
    %cmpi/e 52, 0, 6;
    %jmp/0xz  T_1.2, 4;
    %pushi/vec4 0, 0, 6;
    %store/vec4 v00000000010c9160_0, 0, 6;
    %jmp T_1.3;
T_1.2 ;
    %load/vec4 v00000000010c9160_0;
    %addi 1, 0, 6;
    %store/vec4 v00000000010c9160_0, 0, 6;
T_1.3 ;
T_1.1 ;
    %jmp T_1;
    .thread T_1;
    .scope S_0000000001116210;
T_2 ;
    %vpi_call 2 27 "$dumpfile", "exp3_td.vcd" {0 0 0};
    %vpi_call 2 28 "$dumpvars", 32'sb00000000000000000000000000000000, S_0000000001116210 {0 0 0};
    %pushi/vec4 0, 0, 1;
    %store/vec4 v00000000010cb330_0, 0, 1;
    %pushi/vec4 0, 0, 1;
    %store/vec4 v00000000010cb470_0, 0, 1;
    %delay 600000, 0;
    %pushi/vec4 1, 0, 1;
    %store/vec4 v00000000010cb470_0, 0, 1;
    %end;
    .thread T_2;
    .scope S_0000000001116210;
T_3 ;
    %pushi/vec4 200, 0, 32;
T_3.0 %dup/vec4;
    %pushi/vec4 0, 0, 32;
    %cmp/s;
    %jmp/1xz T_3.1, 5;
    %jmp/1 T_3.1, 4;
    %pushi/vec4 1, 0, 32;
    %sub;
    %delay 5000, 0;
    %load/vec4 v00000000010cb330_0;
    %inv;
    %store/vec4 v00000000010cb330_0, 0, 1;
    %jmp T_3.0;
T_3.1 ;
    %pop/vec4 1;
    %end;
    .thread T_3;
# The file index is used to find the file name in the following table.
:file_names 3;
    "N/A";
    "<interactive>";
    "exp3-3.v";
