#! /usr/local/iverilog/bin/vvp
:ivl_version "11.0 (devel)" "(s20150603-642-g3bdb50da)";
:ivl_delay_selection "TYPICAL";
:vpi_time_precision - 12;
:vpi_module "system";
:vpi_module "vhdl_sys";
:vpi_module "vhdl_textio";
:vpi_module "v2005_math";
:vpi_module "va_math";
S_00000000010262a0 .scope module, "exp3_td" "exp3_td" 2 23;
 .timescale -9 -12;
v000000000114b6a0_0 .var "clk", 0 0;
v000000000114b740_0 .var "d", 0 0;
v000000000114b7e0_0 .var "g", 0 0;
v000000000106b840_0 .net "out", 0 0, v000000000114b4c0_0;  1 drivers
v000000000106b8e0_0 .var "r", 0 0;
S_0000000001026430 .scope module, "test" "Dtrigger" 2 29, 2 2 0, S_00000000010262a0;
 .timescale -9 -12;
    .port_info 0 /INPUT 1 "din";
    .port_info 1 /INPUT 1 "clk";
    .port_info 2 /INPUT 1 "reset";
    .port_info 3 /OUTPUT 1 "dout";
    .port_info 4 /INPUT 1 "enabler";
v00000000010265c0_0 .net "clk", 0 0, v000000000114b6a0_0;  1 drivers
v0000000001149390_0 .net "din", 0 0, v000000000114b740_0;  1 drivers
v000000000114b4c0_0 .var "dout", 0 0;
v000000000114b560_0 .net "enabler", 0 0, v000000000114b7e0_0;  1 drivers
v000000000114b600_0 .net "reset", 0 0, v000000000106b8e0_0;  1 drivers
E_000000000114adc0 .event posedge, v00000000010265c0_0;
    .scope S_0000000001026430;
T_0 ;
    %wait E_000000000114adc0;
    %load/vec4 v000000000114b560_0;
    %cmpi/e 1, 0, 1;
    %jmp/0xz  T_0.0, 4;
    %jmp T_0.1;
T_0.0 ;
    %load/vec4 v000000000114b600_0;
    %cmpi/e 1, 0, 1;
    %jmp/0xz  T_0.2, 4;
    %pushi/vec4 0, 0, 1;
    %assign/vec4 v000000000114b4c0_0, 0;
    %jmp T_0.3;
T_0.2 ;
    %load/vec4 v0000000001149390_0;
    %assign/vec4 v000000000114b4c0_0, 0;
T_0.3 ;
T_0.1 ;
    %jmp T_0;
    .thread T_0;
    .scope S_00000000010262a0;
T_1 ;
    %vpi_call 2 32 "$dumpfile", "exp3_td.vcd" {0 0 0};
    %vpi_call 2 33 "$dumpvars", 32'sb00000000000000000000000000000000, S_00000000010262a0 {0 0 0};
    %end;
    .thread T_1;
    .scope S_00000000010262a0;
T_2 ;
    %pushi/vec4 0, 0, 1;
    %store/vec4 v000000000114b6a0_0, 0, 1;
    %pushi/vec4 20, 0, 32;
T_2.0 %dup/vec4;
    %pushi/vec4 0, 0, 32;
    %cmp/s;
    %jmp/1xz T_2.1, 5;
    %jmp/1 T_2.1, 4;
    %pushi/vec4 1, 0, 32;
    %sub;
    %delay 1000, 0;
    %pushi/vec4 0, 0, 1;
    %store/vec4 v000000000114b6a0_0, 0, 1;
    %delay 1000, 0;
    %pushi/vec4 1, 0, 1;
    %store/vec4 v000000000114b6a0_0, 0, 1;
    %jmp T_2.0;
T_2.1 ;
    %pop/vec4 1;
    %end;
    .thread T_2;
    .scope S_00000000010262a0;
T_3 ;
    %pushi/vec4 10, 0, 32;
T_3.0 %dup/vec4;
    %pushi/vec4 0, 0, 32;
    %cmp/s;
    %jmp/1xz T_3.1, 5;
    %jmp/1 T_3.1, 4;
    %pushi/vec4 1, 0, 32;
    %sub;
    %delay 3000, 0;
    %pushi/vec4 0, 0, 1;
    %store/vec4 v000000000114b740_0, 0, 1;
    %delay 3000, 0;
    %pushi/vec4 1, 0, 1;
    %store/vec4 v000000000114b740_0, 0, 1;
    %jmp T_3.0;
T_3.1 ;
    %pop/vec4 1;
    %end;
    .thread T_3;
    .scope S_00000000010262a0;
T_4 ;
    %pushi/vec4 1, 0, 1;
    %store/vec4 v000000000114b7e0_0, 0, 1;
    %pushi/vec4 1, 0, 1;
    %store/vec4 v000000000106b8e0_0, 0, 1;
    %pushi/vec4 0, 0, 1;
    %store/vec4 v000000000114b740_0, 0, 1;
    %delay 10000, 0;
    %pushi/vec4 0, 0, 1;
    %store/vec4 v000000000114b7e0_0, 0, 1;
    %pushi/vec4 1, 0, 1;
    %store/vec4 v000000000106b8e0_0, 0, 1;
    %delay 5000, 0;
    %pushi/vec4 0, 0, 1;
    %store/vec4 v000000000106b8e0_0, 0, 1;
    %end;
    .thread T_4;
# The file index is used to find the file name in the following table.
:file_names 3;
    "N/A";
    "<interactive>";
    "exp3-1.v";
