#! /usr/local/iverilog/bin/vvp
:ivl_version "11.0 (devel)" "(s20150603-642-g3bdb50da)";
:ivl_delay_selection "TYPICAL";
:vpi_time_precision - 12;
:vpi_module "system";
:vpi_module "vhdl_sys";
:vpi_module "vhdl_textio";
:vpi_module "v2005_math";
:vpi_module "va_math";
S_0000000000ff2f90 .scope module, "exp3_td" "exp3_td" 2 17;
 .timescale -9 -12;
v0000000001069980_0 .var "clk", 0 0;
v0000000001069a20_0 .var "in", 7 0;
v0000000001069ac0_0 .net "ou", 7 0, v0000000001069840_0;  1 drivers
v0000000001069b60_0 .var "re", 0 0;
S_0000000000ff3120 .scope module, "test" "register" 2 22, 2 2 0, S_0000000000ff2f90;
 .timescale -9 -12;
    .port_info 0 /INPUT 8 "in";
    .port_info 1 /INPUT 1 "clk";
    .port_info 2 /INPUT 1 "reset";
    .port_info 3 /OUTPUT 8 "out";
v0000000000ff32b0_0 .net "clk", 0 0, v0000000001069980_0;  1 drivers
v000000000117a060_0 .net "in", 7 0, v0000000001069a20_0;  1 drivers
v0000000001069840_0 .var "out", 7 0;
v00000000010698e0_0 .net "reset", 0 0, v0000000001069b60_0;  1 drivers
E_000000000117cf20 .event posedge, v0000000000ff32b0_0;
    .scope S_0000000000ff3120;
T_0 ;
    %wait E_000000000117cf20;
    %load/vec4 v00000000010698e0_0;
    %flag_set/vec4 8;
    %jmp/0xz  T_0.0, 8;
    %pushi/vec4 0, 0, 8;
    %assign/vec4 v0000000001069840_0, 0;
    %jmp T_0.1;
T_0.0 ;
    %load/vec4 v000000000117a060_0;
    %parti/s 7, 0, 2;
    %load/vec4 v000000000117a060_0;
    %parti/s 1, 7, 4;
    %concat/vec4; draw_concat_vec4
    %assign/vec4 v0000000001069840_0, 0;
T_0.1 ;
    %jmp T_0;
    .thread T_0;
    .scope S_0000000000ff2f90;
T_1 ;
    %vpi_call 2 26 "$dumpfile", "exp3_td.vcd" {0 0 0};
    %vpi_call 2 27 "$dumpvars", 32'sb00000000000000000000000000000000, S_0000000000ff2f90 {0 0 0};
    %pushi/vec4 0, 0, 1;
    %store/vec4 v0000000001069980_0, 0, 1;
    %pushi/vec4 0, 0, 1;
    %store/vec4 v0000000001069b60_0, 0, 1;
    %pushi/vec4 179, 0, 8;
    %store/vec4 v0000000001069a20_0, 0, 8;
    %delay 500000, 0;
    %pushi/vec4 1, 0, 1;
    %store/vec4 v0000000001069b60_0, 0, 1;
    %end;
    .thread T_1;
    .scope S_0000000000ff2f90;
T_2 ;
    %pushi/vec4 20, 0, 32;
T_2.0 %dup/vec4;
    %pushi/vec4 0, 0, 32;
    %cmp/s;
    %jmp/1xz T_2.1, 5;
    %jmp/1 T_2.1, 4;
    %pushi/vec4 1, 0, 32;
    %sub;
    %delay 50000, 0;
    %load/vec4 v0000000001069980_0;
    %inv;
    %store/vec4 v0000000001069980_0, 0, 1;
    %jmp T_2.0;
T_2.1 ;
    %pop/vec4 1;
    %end;
    .thread T_2;
# The file index is used to find the file name in the following table.
:file_names 3;
    "N/A";
    "<interactive>";
    "exp3-2.v";
