#! /usr/local/iverilog/bin/vvp
:ivl_version "11.0 (devel)" "(s20150603-642-g3bdb50da)";
:ivl_delay_selection "TYPICAL";
:vpi_time_precision - 12;
:vpi_module "system";
:vpi_module "vhdl_sys";
:vpi_module "vhdl_textio";
:vpi_module "v2005_math";
:vpi_module "va_math";
S_00000000010730a0 .scope module, "FAtest" "FAtest" 2 51;
 .timescale -9 -12;
v0000000001101750_0 .net "c0", 0 0, v000000000109f540_0;  1 drivers
v0000000001102510_0 .net "c1", 0 0, v000000000109f720_0;  1 drivers
v0000000001101930_0 .net "c2", 0 0, v000000000109f400_0;  1 drivers
v0000000001102330_0 .net "c3", 0 0, v000000000109f5e0_0;  1 drivers
v0000000001101b10_0 .var "d1", 3 0;
v0000000001100fd0_0 .var "d2", 3 0;
v0000000001100cb0_0 .net "result", 3 0, L_00000000011019d0;  1 drivers
L_0000000001101110 .part v0000000001101b10_0, 0, 1;
L_00000000011014d0 .part v0000000001100fd0_0, 0, 1;
L_0000000001101610 .part v0000000001101b10_0, 1, 1;
L_0000000001101070 .part v0000000001100fd0_0, 1, 1;
L_00000000011023d0 .part v0000000001101b10_0, 2, 1;
L_0000000001101e30 .part v0000000001100fd0_0, 2, 1;
L_00000000011021f0 .part v0000000001101b10_0, 3, 1;
L_0000000001101890 .part v0000000001101b10_0, 3, 1;
L_00000000011019d0 .concat8 [ 1 1 1 1], v000000000109ff40_0, v00000000010a0080_0, v000000000109f4a0_0, v0000000001101a70_0;
S_00000000008dd020 .scope module, "plus0" "FA" 2 55, 2 13 0, S_00000000010730a0;
 .timescale -9 -12;
    .port_info 0 /INPUT 1 "a";
    .port_info 1 /INPUT 1 "b";
    .port_info 2 /INPUT 1 "_c";
    .port_info 3 /OUTPUT 1 "result";
    .port_info 4 /OUTPUT 1 "c_";
L_0000000001102cb8 .functor BUFT 1, C4<0>, C4<0>, C4<0>, C4<0>;
v000000000109f680_0 .net "_c", 0 0, L_0000000001102cb8;  1 drivers
v000000000109fd60_0 .net "a", 0 0, L_0000000001101110;  1 drivers
v000000000109f7c0_0 .net "b", 0 0, L_00000000011014d0;  1 drivers
v000000000109f540_0 .var "c_", 0 0;
v000000000109ff40_0 .var "result", 0 0;
E_00000000010a0c80 .event edge, v000000000109fd60_0, v000000000109f7c0_0, v000000000109f680_0;
S_00000000010a3dc0 .scope module, "plus1" "FA" 2 56, 2 13 0, S_00000000010730a0;
 .timescale -9 -12;
    .port_info 0 /INPUT 1 "a";
    .port_info 1 /INPUT 1 "b";
    .port_info 2 /INPUT 1 "_c";
    .port_info 3 /OUTPUT 1 "result";
    .port_info 4 /OUTPUT 1 "c_";
v000000000109fea0_0 .net "_c", 0 0, v000000000109f540_0;  alias, 1 drivers
v000000000109ffe0_0 .net "a", 0 0, L_0000000001101610;  1 drivers
v000000000109fb80_0 .net "b", 0 0, L_0000000001101070;  1 drivers
v000000000109f720_0 .var "c_", 0 0;
v00000000010a0080_0 .var "result", 0 0;
E_00000000010a1240 .event edge, v000000000109ffe0_0, v000000000109fb80_0, v000000000109f540_0;
S_00000000010a5390 .scope module, "plus2" "FA" 2 57, 2 13 0, S_00000000010730a0;
 .timescale -9 -12;
    .port_info 0 /INPUT 1 "a";
    .port_info 1 /INPUT 1 "b";
    .port_info 2 /INPUT 1 "_c";
    .port_info 3 /OUTPUT 1 "result";
    .port_info 4 /OUTPUT 1 "c_";
v000000000109fa40_0 .net "_c", 0 0, v000000000109f720_0;  alias, 1 drivers
v000000000109f2c0_0 .net "a", 0 0, L_00000000011023d0;  1 drivers
v000000000109f360_0 .net "b", 0 0, L_0000000001101e30;  1 drivers
v000000000109f400_0 .var "c_", 0 0;
v000000000109f4a0_0 .var "result", 0 0;
E_00000000010a0dc0 .event edge, v000000000109f2c0_0, v000000000109f360_0, v000000000109f720_0;
S_00000000010a5520 .scope module, "plus3" "FA" 2 58, 2 13 0, S_00000000010730a0;
 .timescale -9 -12;
    .port_info 0 /INPUT 1 "a";
    .port_info 1 /INPUT 1 "b";
    .port_info 2 /INPUT 1 "_c";
    .port_info 3 /OUTPUT 1 "result";
    .port_info 4 /OUTPUT 1 "c_";
v000000000109f9a0_0 .net "_c", 0 0, v000000000109f400_0;  alias, 1 drivers
v000000000109f860_0 .net "a", 0 0, L_00000000011021f0;  1 drivers
v000000000109fae0_0 .net "b", 0 0, L_0000000001101890;  1 drivers
v000000000109f5e0_0 .var "c_", 0 0;
v0000000001101a70_0 .var "result", 0 0;
E_00000000010a1300 .event edge, v000000000109f860_0, v000000000109fae0_0, v000000000109f400_0;
S_00000000008dce90 .scope module, "HA" "HA" 2 2;
 .timescale -9 -12;
    .port_info 0 /INPUT 1 "a";
    .port_info 1 /INPUT 1 "b";
    .port_info 2 /OUTPUT 1 "result";
    .port_info 3 /OUTPUT 1 "c";
o00000000010ab818 .functor BUFZ 1, C4<z>; HiZ drive
L_00000000010a4640 .functor NOT 1, o00000000010ab818, C4<0>, C4<0>, C4<0>;
o00000000010ab848 .functor BUFZ 1, C4<z>; HiZ drive
L_000000000114b170 .functor AND 1, L_00000000010a4640, o00000000010ab848, C4<1>, C4<1>;
L_000000000114ad80 .functor NOT 1, o00000000010ab848, C4<0>, C4<0>, C4<0>;
L_000000000114adf0 .functor AND 1, L_000000000114ad80, o00000000010ab818, C4<1>, C4<1>;
L_000000000114b090 .functor OR 1, L_000000000114b170, L_000000000114adf0, C4<0>, C4<0>;
L_000000000114b020 .functor AND 1, o00000000010ab818, o00000000010ab848, C4<1>, C4<1>;
v00000000011017f0_0 .net *"_s0", 0 0, L_00000000010a4640;  1 drivers
v0000000001100f30_0 .net *"_s2", 0 0, L_000000000114b170;  1 drivers
v0000000001102010_0 .net *"_s4", 0 0, L_000000000114ad80;  1 drivers
v0000000001101390_0 .net *"_s6", 0 0, L_000000000114adf0;  1 drivers
v00000000011020b0_0 .net "a", 0 0, o00000000010ab818;  0 drivers
v0000000001102150_0 .net "b", 0 0, o00000000010ab848;  0 drivers
v0000000001102470_0 .net "c", 0 0, L_000000000114b020;  1 drivers
v0000000001102650_0 .net "result", 0 0, L_000000000114b090;  1 drivers
    .scope S_00000000008dd020;
T_0 ;
    %wait E_00000000010a0c80;
    %load/vec4 v000000000109fd60_0;
    %pad/u 32;
    %pushi/vec4 1, 0, 32;
    %cmp/e;
    %flag_get/vec4 4;
    %load/vec4 v000000000109f7c0_0;
    %pad/u 32;
    %pushi/vec4 1, 0, 32;
    %cmp/e;
    %flag_get/vec4 4;
    %and;
    %flag_set/vec4 8;
    %jmp/0xz  T_0.0, 8;
    %pushi/vec4 1, 0, 1;
    %store/vec4 v000000000109f540_0, 0, 1;
    %load/vec4 v000000000109f680_0;
    %store/vec4 v000000000109ff40_0, 0, 1;
    %jmp T_0.1;
T_0.0 ;
    %load/vec4 v000000000109fd60_0;
    %pad/u 32;
    %cmpi/e 1, 0, 32;
    %flag_mov 8, 4;
    %load/vec4 v000000000109f7c0_0;
    %pad/u 32;
    %cmpi/e 1, 0, 32;
    %flag_or 4, 8;
    %jmp/0xz  T_0.2, 4;
    %load/vec4 v000000000109f680_0;
    %store/vec4 v000000000109f540_0, 0, 1;
    %load/vec4 v000000000109f680_0;
    %inv;
    %store/vec4 v000000000109ff40_0, 0, 1;
    %jmp T_0.3;
T_0.2 ;
    %load/vec4 v000000000109f680_0;
    %store/vec4 v000000000109ff40_0, 0, 1;
    %pushi/vec4 0, 0, 1;
    %store/vec4 v000000000109f540_0, 0, 1;
T_0.3 ;
T_0.1 ;
    %jmp T_0;
    .thread T_0, $push;
    .scope S_00000000010a3dc0;
T_1 ;
    %wait E_00000000010a1240;
    %load/vec4 v000000000109ffe0_0;
    %pad/u 32;
    %pushi/vec4 1, 0, 32;
    %cmp/e;
    %flag_get/vec4 4;
    %load/vec4 v000000000109fb80_0;
    %pad/u 32;
    %pushi/vec4 1, 0, 32;
    %cmp/e;
    %flag_get/vec4 4;
    %and;
    %flag_set/vec4 8;
    %jmp/0xz  T_1.0, 8;
    %pushi/vec4 1, 0, 1;
    %store/vec4 v000000000109f720_0, 0, 1;
    %load/vec4 v000000000109fea0_0;
    %store/vec4 v00000000010a0080_0, 0, 1;
    %jmp T_1.1;
T_1.0 ;
    %load/vec4 v000000000109ffe0_0;
    %pad/u 32;
    %cmpi/e 1, 0, 32;
    %flag_mov 8, 4;
    %load/vec4 v000000000109fb80_0;
    %pad/u 32;
    %cmpi/e 1, 0, 32;
    %flag_or 4, 8;
    %jmp/0xz  T_1.2, 4;
    %load/vec4 v000000000109fea0_0;
    %store/vec4 v000000000109f720_0, 0, 1;
    %load/vec4 v000000000109fea0_0;
    %inv;
    %store/vec4 v00000000010a0080_0, 0, 1;
    %jmp T_1.3;
T_1.2 ;
    %load/vec4 v000000000109fea0_0;
    %store/vec4 v00000000010a0080_0, 0, 1;
    %pushi/vec4 0, 0, 1;
    %store/vec4 v000000000109f720_0, 0, 1;
T_1.3 ;
T_1.1 ;
    %jmp T_1;
    .thread T_1, $push;
    .scope S_00000000010a5390;
T_2 ;
    %wait E_00000000010a0dc0;
    %load/vec4 v000000000109f2c0_0;
    %pad/u 32;
    %pushi/vec4 1, 0, 32;
    %cmp/e;
    %flag_get/vec4 4;
    %load/vec4 v000000000109f360_0;
    %pad/u 32;
    %pushi/vec4 1, 0, 32;
    %cmp/e;
    %flag_get/vec4 4;
    %and;
    %flag_set/vec4 8;
    %jmp/0xz  T_2.0, 8;
    %pushi/vec4 1, 0, 1;
    %store/vec4 v000000000109f400_0, 0, 1;
    %load/vec4 v000000000109fa40_0;
    %store/vec4 v000000000109f4a0_0, 0, 1;
    %jmp T_2.1;
T_2.0 ;
    %load/vec4 v000000000109f2c0_0;
    %pad/u 32;
    %cmpi/e 1, 0, 32;
    %flag_mov 8, 4;
    %load/vec4 v000000000109f360_0;
    %pad/u 32;
    %cmpi/e 1, 0, 32;
    %flag_or 4, 8;
    %jmp/0xz  T_2.2, 4;
    %load/vec4 v000000000109fa40_0;
    %store/vec4 v000000000109f400_0, 0, 1;
    %load/vec4 v000000000109fa40_0;
    %inv;
    %store/vec4 v000000000109f4a0_0, 0, 1;
    %jmp T_2.3;
T_2.2 ;
    %load/vec4 v000000000109fa40_0;
    %store/vec4 v000000000109f4a0_0, 0, 1;
    %pushi/vec4 0, 0, 1;
    %store/vec4 v000000000109f400_0, 0, 1;
T_2.3 ;
T_2.1 ;
    %jmp T_2;
    .thread T_2, $push;
    .scope S_00000000010a5520;
T_3 ;
    %wait E_00000000010a1300;
    %load/vec4 v000000000109f860_0;
    %pad/u 32;
    %pushi/vec4 1, 0, 32;
    %cmp/e;
    %flag_get/vec4 4;
    %load/vec4 v000000000109fae0_0;
    %pad/u 32;
    %pushi/vec4 1, 0, 32;
    %cmp/e;
    %flag_get/vec4 4;
    %and;
    %flag_set/vec4 8;
    %jmp/0xz  T_3.0, 8;
    %pushi/vec4 1, 0, 1;
    %store/vec4 v000000000109f5e0_0, 0, 1;
    %load/vec4 v000000000109f9a0_0;
    %store/vec4 v0000000001101a70_0, 0, 1;
    %jmp T_3.1;
T_3.0 ;
    %load/vec4 v000000000109f860_0;
    %pad/u 32;
    %cmpi/e 1, 0, 32;
    %flag_mov 8, 4;
    %load/vec4 v000000000109fae0_0;
    %pad/u 32;
    %cmpi/e 1, 0, 32;
    %flag_or 4, 8;
    %jmp/0xz  T_3.2, 4;
    %load/vec4 v000000000109f9a0_0;
    %store/vec4 v000000000109f5e0_0, 0, 1;
    %load/vec4 v000000000109f9a0_0;
    %inv;
    %store/vec4 v0000000001101a70_0, 0, 1;
    %jmp T_3.3;
T_3.2 ;
    %load/vec4 v000000000109f9a0_0;
    %store/vec4 v0000000001101a70_0, 0, 1;
    %pushi/vec4 0, 0, 1;
    %store/vec4 v000000000109f5e0_0, 0, 1;
T_3.3 ;
T_3.1 ;
    %jmp T_3;
    .thread T_3, $push;
    .scope S_00000000010730a0;
T_4 ;
    %vpi_call 2 60 "$dumpfile", "exp4_td.vcd" {0 0 0};
    %vpi_call 2 61 "$dumpvars", 32'sb00000000000000000000000000000000, S_00000000010730a0 {0 0 0};
    %pushi/vec4 8, 0, 4;
    %store/vec4 v0000000001101b10_0, 0, 4;
    %pushi/vec4 15, 0, 4;
    %store/vec4 v0000000001100fd0_0, 0, 4;
    %delay 5000, 0;
    %pushi/vec4 4, 0, 4;
    %store/vec4 v0000000001101b10_0, 0, 4;
    %pushi/vec4 7, 0, 4;
    %store/vec4 v0000000001100fd0_0, 0, 4;
    %delay 5000, 0;
    %pushi/vec4 11, 0, 4;
    %store/vec4 v0000000001101b10_0, 0, 4;
    %pushi/vec4 5, 0, 4;
    %store/vec4 v0000000001100fd0_0, 0, 4;
    %delay 5000, 0;
    %pushi/vec4 12, 0, 4;
    %store/vec4 v0000000001101b10_0, 0, 4;
    %pushi/vec4 14, 0, 4;
    %store/vec4 v0000000001100fd0_0, 0, 4;
    %delay 5000, 0;
    %pushi/vec4 0, 0, 4;
    %store/vec4 v0000000001101b10_0, 0, 4;
    %pushi/vec4 0, 0, 4;
    %store/vec4 v0000000001100fd0_0, 0, 4;
    %end;
    .thread T_4;
# The file index is used to find the file name in the following table.
:file_names 3;
    "N/A";
    "<interactive>";
    "exp4-2.v";
