#! /usr/local/iverilog/bin/vvp
:ivl_version "11.0 (devel)" "(s20150603-642-g3bdb50da)";
:ivl_delay_selection "TYPICAL";
:vpi_time_precision - 12;
:vpi_module "system";
:vpi_module "vhdl_sys";
:vpi_module "vhdl_textio";
:vpi_module "v2005_math";
:vpi_module "va_math";
S_00000000010a2f90 .scope module, "exp5_td" "exp5_td" 2 33;
 .timescale -9 -12;
v00000000010d2e50_0 .var "address", 3 0;
v00000000010d2ef0_0 .var "clk", 0 0;
v00000000010d2f90_0 .var "cs", 0 0;
v00000000010d3da0_0 .var "data_in", 3 0;
v00000000010d3260_0 .net "data_out", 3 0, L_000000000112a840;  1 drivers
v00000000010d3080_0 .var "rd", 0 0;
v00000000010d3e40_0 .var "rst", 0 0;
v00000000010d3620_0 .var "wrt", 0 0;
S_00000000010a3120 .scope module, "test" "rom" 2 38, 2 2 0, S_00000000010a2f90;
 .timescale -9 -12;
    .port_info 0 /INPUT 1 "clk";
    .port_info 1 /INPUT 1 "wrt";
    .port_info 2 /INPUT 1 "rst";
    .port_info 3 /INPUT 1 "rd";
    .port_info 4 /INPUT 1 "cs";
    .port_info 5 /INPUT 4 "data_write";
    .port_info 6 /INPUT 4 "address";
    .port_info 7 /OUTPUT 4 "data_read";
L_000000000112a840 .functor BUFZ 4, v00000000010d2d10_0, C4<0000>, C4<0000>, C4<0000>;
v00000000010a32b0_0 .net "address", 3 0, v00000000010d2e50_0;  1 drivers
v00000000010d2810_0 .net "clk", 0 0, v00000000010d2ef0_0;  1 drivers
v00000000010d28b0 .array "content", 0 15, 3 0;
v00000000010d2950_0 .net "cs", 0 0, v00000000010d2f90_0;  1 drivers
v00000000010d29f0_0 .net "data_read", 3 0, L_000000000112a840;  alias, 1 drivers
v00000000010d2a90_0 .net "data_write", 3 0, v00000000010d3da0_0;  1 drivers
v00000000010d2b30_0 .var/i "i", 31 0;
v00000000010d2bd0_0 .net "rd", 0 0, v00000000010d3080_0;  1 drivers
v00000000010d2c70_0 .net "rst", 0 0, v00000000010d3e40_0;  1 drivers
v00000000010d2d10_0 .var "word", 3 0;
v00000000010d2db0_0 .net "wrt", 0 0, v00000000010d3620_0;  1 drivers
E_000000000092ab30 .event posedge, v00000000010d2c70_0, v00000000010d2810_0;
    .scope S_00000000010a3120;
T_0 ;
    %wait E_000000000092ab30;
    %load/vec4 v00000000010d2950_0;
    %flag_set/vec4 8;
    %jmp/0xz  T_0.0, 8;
    %load/vec4 v00000000010d2c70_0;
    %flag_set/vec4 8;
    %jmp/0xz  T_0.2, 8;
    %pushi/vec4 0, 0, 32;
    %store/vec4 v00000000010d2b30_0, 0, 32;
T_0.4 ;
    %load/vec4 v00000000010d2b30_0;
    %cmpi/s 16, 0, 32;
    %jmp/0xz T_0.5, 5;
    %pushi/vec4 0, 0, 4;
    %ix/getv/s 4, v00000000010d2b30_0;
    %store/vec4a v00000000010d28b0, 4, 0;
    %load/vec4 v00000000010d2b30_0;
    %addi 1, 0, 32;
    %store/vec4 v00000000010d2b30_0, 0, 32;
    %jmp T_0.4;
T_0.5 ;
    %jmp T_0.3;
T_0.2 ;
    %load/vec4 v00000000010d2db0_0;
    %flag_set/vec4 8;
    %jmp/0xz  T_0.6, 8;
    %load/vec4 v00000000010d2a90_0;
    %load/vec4 v00000000010a32b0_0;
    %pad/u 6;
    %ix/vec4 4;
    %store/vec4a v00000000010d28b0, 4, 0;
    %jmp T_0.7;
T_0.6 ;
    %load/vec4 v00000000010d2bd0_0;
    %flag_set/vec4 8;
    %jmp/0xz  T_0.8, 8;
    %load/vec4 v00000000010a32b0_0;
    %pad/u 6;
    %ix/vec4 4;
    %load/vec4a v00000000010d28b0, 4;
    %store/vec4 v00000000010d2d10_0, 0, 4;
    %jmp T_0.9;
T_0.8 ;
    %pushi/vec4 0, 15, 4;
    %store/vec4 v00000000010d2d10_0, 0, 4;
T_0.9 ;
T_0.7 ;
T_0.3 ;
T_0.0 ;
    %jmp T_0;
    .thread T_0;
    .scope S_00000000010a2f90;
T_1 ;
    %pushi/vec4 100, 0, 32;
T_1.0 %dup/vec4;
    %pushi/vec4 0, 0, 32;
    %cmp/s;
    %jmp/1xz T_1.1, 5;
    %jmp/1 T_1.1, 4;
    %pushi/vec4 1, 0, 32;
    %sub;
    %delay 10000, 0;
    %load/vec4 v00000000010d2ef0_0;
    %inv;
    %store/vec4 v00000000010d2ef0_0, 0, 1;
    %jmp T_1.0;
T_1.1 ;
    %pop/vec4 1;
    %end;
    .thread T_1;
    .scope S_00000000010a2f90;
T_2 ;
    %pushi/vec4 0, 0, 1;
    %store/vec4 v00000000010d2ef0_0, 0, 1;
    %pushi/vec4 0, 0, 1;
    %store/vec4 v00000000010d3080_0, 0, 1;
    %pushi/vec4 0, 0, 4;
    %store/vec4 v00000000010d2e50_0, 0, 4;
    %pushi/vec4 1, 0, 1;
    %store/vec4 v00000000010d3e40_0, 0, 1;
    %pushi/vec4 0, 0, 1;
    %store/vec4 v00000000010d2f90_0, 0, 1;
    %pushi/vec4 0, 0, 1;
    %store/vec4 v00000000010d3620_0, 0, 1;
    %pushi/vec4 0, 0, 4;
    %store/vec4 v00000000010d3da0_0, 0, 4;
    %vpi_call 2 47 "$dumpfile", "exp5_td.vcd" {0 0 0};
    %vpi_call 2 48 "$dumpvars", 32'sb00000000000000000000000000000000, S_00000000010a2f90 {0 0 0};
    %delay 50000, 0;
    %pushi/vec4 1, 0, 1;
    %store/vec4 v00000000010d2f90_0, 0, 1;
    %pushi/vec4 1, 0, 1;
    %store/vec4 v00000000010d3620_0, 0, 1;
    %pushi/vec4 0, 0, 1;
    %store/vec4 v00000000010d3e40_0, 0, 1;
    %pushi/vec4 11, 0, 4;
    %store/vec4 v00000000010d3da0_0, 0, 4;
    %pushi/vec4 9, 0, 4;
    %store/vec4 v00000000010d2e50_0, 0, 4;
    %delay 50000, 0;
    %pushi/vec4 3, 0, 4;
    %assign/vec4 v00000000010d3da0_0, 0;
    %pushi/vec4 11, 0, 4;
    %assign/vec4 v00000000010d2e50_0, 0;
    %delay 50000, 0;
    %pushi/vec4 15, 0, 4;
    %assign/vec4 v00000000010d3da0_0, 0;
    %pushi/vec4 5, 0, 4;
    %assign/vec4 v00000000010d2e50_0, 0;
    %delay 50000, 0;
    %pushi/vec4 0, 0, 1;
    %store/vec4 v00000000010d3620_0, 0, 1;
    %pushi/vec4 1, 0, 1;
    %store/vec4 v00000000010d3080_0, 0, 1;
    %pushi/vec4 9, 0, 4;
    %store/vec4 v00000000010d2e50_0, 0, 4;
    %delay 50000, 0;
    %pushi/vec4 10, 0, 4;
    %store/vec4 v00000000010d2e50_0, 0, 4;
    %delay 50000, 0;
    %pushi/vec4 1, 0, 1;
    %store/vec4 v00000000010d3e40_0, 0, 1;
    %end;
    .thread T_2;
# The file index is used to find the file name in the following table.
:file_names 3;
    "N/A";
    "<interactive>";
    "exp5-1.v";
