#! /usr/local/iverilog/bin/vvp
:ivl_version "11.0 (devel)" "(s20150603-642-g3bdb50da)";
:ivl_delay_selection "TYPICAL";
:vpi_time_precision + 0;
:vpi_module "system";
:vpi_module "vhdl_sys";
:vpi_module "vhdl_textio";
:vpi_module "v2005_math";
:vpi_module "va_math";
S_00000000010d68c0 .scope module, "exp8_td" "exp8_td" 2 39;
 .timescale 0 0;
v00000000010d2f70_0 .var "a", 15 0;
v00000000010d35b0_0 .var "b", 15 0;
v00000000010d3010_0 .var "clk", 0 0;
v00000000010d2e30_0 .var "o", 3 0;
v00000000010d3470_0 .net "result1", 15 0, v00000000010d2110_0;  1 drivers
v00000000010d29d0_0 .net "result2", 31 0, v00000000010d5f90_0;  1 drivers
S_000000000089ea20 .scope module, "test" "ALU" 2 46, 2 1 0, S_00000000010d68c0;
 .timescale 0 0;
    .port_info 0 /INPUT 1 "clk";
    .port_info 1 /INPUT 16 "alu_in1";
    .port_info 2 /INPUT 16 "alu_in2";
    .port_info 3 /INPUT 4 "operations";
    .port_info 4 /OUTPUT 16 "alu_out_16";
    .port_info 5 /OUTPUT 32 "alu_out";
P_000000000089ebb0 .param/l "ADD" 0 2 10, C4<0001>;
P_000000000089ebe8 .param/l "AND" 0 2 14, C4<0101>;
P_000000000089ec20 .param/l "DIV" 0 2 13, C4<0100>;
P_000000000089ec58 .param/l "MUL" 0 2 12, C4<0011>;
P_000000000089ec90 .param/l "NOP" 0 2 9, C4<0000>;
P_000000000089ecc8 .param/l "NOR" 0 2 16, C4<0111>;
P_000000000089ed00 .param/l "OR" 0 2 15, C4<0110>;
P_000000000089ed38 .param/l "ROL" 0 2 19, C4<1010>;
P_000000000089ed70 .param/l "ROR" 0 2 18, C4<1001>;
P_000000000089eda8 .param/l "SUB" 0 2 11, C4<0010>;
P_000000000089ede0 .param/l "XOR" 0 2 17, C4<1000>;
v000000000089b8a0_0 .net/s "alu_in1", 15 0, v00000000010d2f70_0;  1 drivers
v00000000010d6a50_0 .net/s "alu_in2", 15 0, v00000000010d35b0_0;  1 drivers
v00000000010d5f90_0 .var "alu_out", 31 0;
v00000000010d2110_0 .var "alu_out_16", 15 0;
v00000000010d25c0_0 .net "clk", 0 0, v00000000010d3010_0;  1 drivers
v00000000010d33d0_0 .net "operations", 3 0, v00000000010d2e30_0;  1 drivers
E_00000000008999d0 .event posedge, v00000000010d25c0_0;
    .scope S_000000000089ea20;
T_0 ;
    %wait E_00000000008999d0;
    %load/vec4 v00000000010d33d0_0;
    %dup/vec4;
    %pushi/vec4 0, 0, 4;
    %cmp/u;
    %jmp/1 T_0.0, 6;
    %dup/vec4;
    %pushi/vec4 1, 0, 4;
    %cmp/u;
    %jmp/1 T_0.1, 6;
    %dup/vec4;
    %pushi/vec4 2, 0, 4;
    %cmp/u;
    %jmp/1 T_0.2, 6;
    %dup/vec4;
    %pushi/vec4 3, 0, 4;
    %cmp/u;
    %jmp/1 T_0.3, 6;
    %dup/vec4;
    %pushi/vec4 4, 0, 4;
    %cmp/u;
    %jmp/1 T_0.4, 6;
    %dup/vec4;
    %pushi/vec4 5, 0, 4;
    %cmp/u;
    %jmp/1 T_0.5, 6;
    %dup/vec4;
    %pushi/vec4 6, 0, 4;
    %cmp/u;
    %jmp/1 T_0.6, 6;
    %dup/vec4;
    %pushi/vec4 7, 0, 4;
    %cmp/u;
    %jmp/1 T_0.7, 6;
    %dup/vec4;
    %pushi/vec4 8, 0, 4;
    %cmp/u;
    %jmp/1 T_0.8, 6;
    %dup/vec4;
    %pushi/vec4 9, 0, 4;
    %cmp/u;
    %jmp/1 T_0.9, 6;
    %dup/vec4;
    %pushi/vec4 10, 0, 4;
    %cmp/u;
    %jmp/1 T_0.10, 6;
    %jmp T_0.11;
T_0.0 ;
    %pushi/vec4 0, 0, 16;
    %assign/vec4 v00000000010d2110_0, 0;
    %jmp T_0.11;
T_0.1 ;
    %load/vec4 v000000000089b8a0_0;
    %load/vec4 v00000000010d6a50_0;
    %add;
    %assign/vec4 v00000000010d2110_0, 0;
    %jmp T_0.11;
T_0.2 ;
    %load/vec4 v000000000089b8a0_0;
    %load/vec4 v00000000010d6a50_0;
    %sub;
    %assign/vec4 v00000000010d2110_0, 0;
    %jmp T_0.11;
T_0.3 ;
    %load/vec4 v000000000089b8a0_0;
    %pad/s 32;
    %load/vec4 v00000000010d6a50_0;
    %pad/s 32;
    %mul;
    %assign/vec4 v00000000010d5f90_0, 0;
    %jmp T_0.11;
T_0.4 ;
    %load/vec4 v000000000089b8a0_0;
    %load/vec4 v00000000010d6a50_0;
    %div/s;
    %assign/vec4 v00000000010d2110_0, 0;
    %jmp T_0.11;
T_0.5 ;
    %load/vec4 v000000000089b8a0_0;
    %load/vec4 v00000000010d6a50_0;
    %and;
    %assign/vec4 v00000000010d2110_0, 0;
    %jmp T_0.11;
T_0.6 ;
    %load/vec4 v000000000089b8a0_0;
    %load/vec4 v00000000010d6a50_0;
    %or;
    %assign/vec4 v00000000010d2110_0, 0;
    %jmp T_0.11;
T_0.7 ;
    %load/vec4 v000000000089b8a0_0;
    %load/vec4 v00000000010d6a50_0;
    %xnor;
    %assign/vec4 v00000000010d2110_0, 0;
    %jmp T_0.11;
T_0.8 ;
    %load/vec4 v000000000089b8a0_0;
    %load/vec4 v00000000010d6a50_0;
    %xor;
    %assign/vec4 v00000000010d2110_0, 0;
    %jmp T_0.11;
T_0.9 ;
    %load/vec4 v000000000089b8a0_0;
    %parti/s 1, 0, 2;
    %load/vec4 v000000000089b8a0_0;
    %parti/s 15, 1, 2;
    %concat/vec4; draw_concat_vec4
    %assign/vec4 v00000000010d2110_0, 0;
    %jmp T_0.11;
T_0.10 ;
    %load/vec4 v000000000089b8a0_0;
    %parti/s 15, 0, 2;
    %load/vec4 v000000000089b8a0_0;
    %parti/s 1, 15, 5;
    %concat/vec4; draw_concat_vec4
    %assign/vec4 v00000000010d2110_0, 0;
    %jmp T_0.11;
T_0.11 ;
    %pop/vec4 1;
    %jmp T_0;
    .thread T_0;
    .scope S_00000000010d68c0;
T_1 ;
    %pushi/vec4 0, 0, 1;
    %store/vec4 v00000000010d3010_0, 0, 1;
    %pushi/vec4 5000, 0, 32;
T_1.0 %dup/vec4;
    %pushi/vec4 0, 0, 32;
    %cmp/s;
    %jmp/1xz T_1.1, 5;
    %jmp/1 T_1.1, 4;
    %pushi/vec4 1, 0, 32;
    %sub;
    %delay 1, 0;
    %load/vec4 v00000000010d3010_0;
    %inv;
    %store/vec4 v00000000010d3010_0, 0, 1;
    %jmp T_1.0;
T_1.1 ;
    %pop/vec4 1;
    %end;
    .thread T_1;
    .scope S_00000000010d68c0;
T_2 ;
    %vpi_call 2 54 "$dumpfile", "exp8_td.vcd" {0 0 0};
    %vpi_call 2 55 "$dumpvars", 32'sb00000000000000000000000000000000, S_00000000010d68c0 {0 0 0};
    %pushi/vec4 4660, 0, 16;
    %store/vec4 v00000000010d2f70_0, 0, 16;
    %pushi/vec4 13674, 0, 16;
    %store/vec4 v00000000010d35b0_0, 0, 16;
    %pushi/vec4 0, 0, 4;
    %store/vec4 v00000000010d2e30_0, 0, 4;
    %pushi/vec4 10, 0, 32;
T_2.0 %dup/vec4;
    %pushi/vec4 0, 0, 32;
    %cmp/s;
    %jmp/1xz T_2.1, 5;
    %jmp/1 T_2.1, 4;
    %pushi/vec4 1, 0, 32;
    %sub;
    %delay 10, 0;
    %load/vec4 v00000000010d2e30_0;
    %addi 1, 0, 4;
    %assign/vec4 v00000000010d2e30_0, 0;
    %jmp T_2.0;
T_2.1 ;
    %pop/vec4 1;
    %end;
    .thread T_2;
# The file index is used to find the file name in the following table.
:file_names 3;
    "N/A";
    "<interactive>";
    "exp8.v";
